<?xml version="1.0" encoding="UTF-8"?>
<testsuite xmlns:xsi="http://www.w3.org/2001/XMLSchema-instance" xsi:noNamespaceSchemaLocation="https://maven.apache.org/surefire/maven-surefire-plugin/xsd/surefire-test-report.xsd" name="Xin_Yang.Test1" time="0.072" tests="2" errors="0" skipped="0" failures="1">
  <properties>
[...]
</properties>
  <testcase name="Testsubtract" classname="Xin_Yang.Test1" time="0.048">
    <failure message="expected: &lt;2&gt; but was: &lt;4&gt;" type="org.opentest4j.AssertionFailedError"><![CDATA[org.opentest4j.AssertionFailedError: expected: <2> but was: <4>
	at Xin_Yang.Test1.Testsubtract(Test1.java:16)
]]></failure>
  </testcase>
  <testcase name="Testadd" classname="Xin_Yang.Test1" time="0"/>
</testsuite>